Determining if the pthread_create exist failed with the following output:
Change Dir: /ascldap/users/scmousl/HOT_Energy/build/CMakeFiles/CMakeTmp

Run Build Command:"/usr/bin/gmake" "cmTC_1bb17/fast"
/usr/bin/gmake -f CMakeFiles/cmTC_1bb17.dir/build.make CMakeFiles/cmTC_1bb17.dir/build
gmake[1]: Entering directory `/home/scmousl/HOT_Energy/build/CMakeFiles/CMakeTmp'
Building C object CMakeFiles/cmTC_1bb17.dir/CheckSymbolExists.c.o
/usr/bin/cc     -o CMakeFiles/cmTC_1bb17.dir/CheckSymbolExists.c.o   -c /ascldap/users/scmousl/HOT_Energy/build/CMakeFiles/CMakeTmp/CheckSymbolExists.c
Linking C executable cmTC_1bb17
/usr/bin/cmake3 -E cmake_link_script CMakeFiles/cmTC_1bb17.dir/link.txt --verbose=1
/usr/bin/cc       CMakeFiles/cmTC_1bb17.dir/CheckSymbolExists.c.o  -o cmTC_1bb17 -rdynamic 
CMakeFiles/cmTC_1bb17.dir/CheckSymbolExists.c.o: In function `main':
CheckSymbolExists.c:(.text+0x16): undefined reference to `pthread_create'
collect2: error: ld returned 1 exit status
gmake[1]: *** [cmTC_1bb17] Error 1
gmake[1]: Leaving directory `/home/scmousl/HOT_Energy/build/CMakeFiles/CMakeTmp'
gmake: *** [cmTC_1bb17/fast] Error 2

File /ascldap/users/scmousl/HOT_Energy/build/CMakeFiles/CMakeTmp/CheckSymbolExists.c:
/* */
#include <pthread.h>

int main(int argc, char** argv)
{
  (void)argv;
#ifndef pthread_create
  return ((int*)(&pthread_create))[argc];
#else
  (void)argc;
  return 0;
#endif
}

Determining if the function pthread_create exists in the pthreads failed with the following output:
Change Dir: /ascldap/users/scmousl/HOT_Energy/build/CMakeFiles/CMakeTmp

Run Build Command:"/usr/bin/gmake" "cmTC_4b1fa/fast"
/usr/bin/gmake -f CMakeFiles/cmTC_4b1fa.dir/build.make CMakeFiles/cmTC_4b1fa.dir/build
gmake[1]: Entering directory `/home/scmousl/HOT_Energy/build/CMakeFiles/CMakeTmp'
Building C object CMakeFiles/cmTC_4b1fa.dir/CheckFunctionExists.c.o
/usr/bin/cc    -DCHECK_FUNCTION_EXISTS=pthread_create   -o CMakeFiles/cmTC_4b1fa.dir/CheckFunctionExists.c.o   -c /usr/share/cmake3/Modules/CheckFunctionExists.c
Linking C executable cmTC_4b1fa
/usr/bin/cmake3 -E cmake_link_script CMakeFiles/cmTC_4b1fa.dir/link.txt --verbose=1
/usr/bin/cc   -DCHECK_FUNCTION_EXISTS=pthread_create    CMakeFiles/cmTC_4b1fa.dir/CheckFunctionExists.c.o  -o cmTC_4b1fa -rdynamic -lpthreads 
/usr/bin/ld: cannot find -lpthreads
collect2: error: ld returned 1 exit status
gmake[1]: *** [cmTC_4b1fa] Error 1
gmake[1]: Leaving directory `/home/scmousl/HOT_Energy/build/CMakeFiles/CMakeTmp'
gmake: *** [cmTC_4b1fa/fast] Error 2


